[1.217s] DEBUG:colcon:Command line arguments: ['/usr/bin/colcon', 'build', '--packages-select', 'turtlebot3_project3']
[1.217s] DEBUG:colcon:Parsed command line arguments: Namespace(allow_overriding=[], ament_cmake_args=None, base_paths=['.'], build_base='build', catkin_cmake_args=None, catkin_skip_building_tests=False, cmake_args=None, cmake_clean_cache=False, cmake_clean_first=False, cmake_force_configure=False, cmake_target=None, cmake_target_skip_unavailable=False, continue_on_error=False, event_handlers=None, executor='parallel', ignore_user_meta=False, install_base='install', log_base=None, log_level=None, main=<bound method BuildVerb.main of <colcon_core.verb.build.BuildVerb object at 0x7fa9af65aac0>>, merge_install=False, metas=['./colcon.meta'], packages_above=None, packages_above_and_dependencies=None, packages_above_depth=None, packages_end=None, packages_ignore=None, packages_ignore_regex=None, packages_select=['turtlebot3_project3'], packages_select_build_failed=False, packages_select_by_dep=None, packages_select_regex=None, packages_select_test_failures=False, packages_skip=None, packages_skip_build_finished=False, packages_skip_by_dep=None, packages_skip_regex=None, packages_skip_test_passed=False, packages_skip_up_to=None, packages_start=None, packages_up_to=None, packages_up_to_regex=None, parallel_workers=16, paths=None, symlink_install=False, test_result_base=None, verb_extension=<colcon_core.verb.build.BuildVerb object at 0x7fa9af65aac0>, verb_name='build', verb_parser=<colcon_defaults.argument_parser.defaults.DefaultArgumentsDecorator object at 0x7fa9af613520>)
[1.275s] Level 1:colcon.colcon_core.package_discovery:discover_packages(colcon_meta) check parameters
[1.275s] Level 1:colcon.colcon_core.package_discovery:discover_packages(recursive) check parameters
[1.275s] Level 1:colcon.colcon_core.package_discovery:discover_packages(ignore) check parameters
[1.275s] Level 1:colcon.colcon_core.package_discovery:discover_packages(path) check parameters
[1.275s] Level 1:colcon.colcon_core.package_discovery:discover_packages(colcon_meta) discover
[1.276s] Level 1:colcon.colcon_core.package_discovery:discover_packages(recursive) discover
[1.276s] INFO:colcon.colcon_core.package_discovery:Crawling recursively for packages in '/home/jomaxdrill/projects/python/ENPM661/Project3_phase2/A_star_diff_drive/Part02'
[1.276s] Level 1:colcon.colcon_core.package_identification:_identify(.) by extensions ['ignore', 'ignore_ament_install']
[1.276s] Level 1:colcon.colcon_core.package_identification:_identify(.) by extension 'ignore'
[1.276s] Level 1:colcon.colcon_core.package_identification:_identify(.) by extension 'ignore_ament_install'
[1.276s] Level 1:colcon.colcon_core.package_identification:_identify(.) by extensions ['colcon_pkg']
[1.276s] Level 1:colcon.colcon_core.package_identification:_identify(.) by extension 'colcon_pkg'
[1.276s] Level 1:colcon.colcon_core.package_identification:_identify(.) by extensions ['colcon_meta']
[1.276s] Level 1:colcon.colcon_core.package_identification:_identify(.) by extension 'colcon_meta'
[1.276s] Level 1:colcon.colcon_core.package_identification:_identify(.) by extensions ['ros']
[1.276s] Level 1:colcon.colcon_core.package_identification:_identify(.) by extension 'ros'
[1.282s] Level 1:colcon.colcon_core.package_identification:_identify(.) by extensions ['cmake', 'python']
[1.282s] Level 1:colcon.colcon_core.package_identification:_identify(.) by extension 'cmake'
[1.283s] Level 1:colcon.colcon_core.package_identification:_identify(.) by extension 'python'
[1.283s] Level 1:colcon.colcon_core.package_identification:_identify(.) by extensions ['python_setup_py']
[1.283s] Level 1:colcon.colcon_core.package_identification:_identify(.) by extension 'python_setup_py'
[1.283s] Level 1:colcon.colcon_core.package_identification:_identify(build) by extensions ['ignore', 'ignore_ament_install']
[1.283s] Level 1:colcon.colcon_core.package_identification:_identify(build) by extension 'ignore'
[1.283s] Level 1:colcon.colcon_core.package_identification:_identify(build) ignored
[1.283s] Level 1:colcon.colcon_core.package_identification:_identify(install) by extensions ['ignore', 'ignore_ament_install']
[1.283s] Level 1:colcon.colcon_core.package_identification:_identify(install) by extension 'ignore'
[1.283s] Level 1:colcon.colcon_core.package_identification:_identify(install) ignored
[1.283s] Level 1:colcon.colcon_core.package_identification:_identify(log) by extensions ['ignore', 'ignore_ament_install']
[1.283s] Level 1:colcon.colcon_core.package_identification:_identify(log) by extension 'ignore'
[1.283s] Level 1:colcon.colcon_core.package_identification:_identify(log) ignored
[1.283s] Level 1:colcon.colcon_core.package_identification:_identify(src) by extensions ['ignore', 'ignore_ament_install']
[1.283s] Level 1:colcon.colcon_core.package_identification:_identify(src) by extension 'ignore'
[1.283s] Level 1:colcon.colcon_core.package_identification:_identify(src) by extension 'ignore_ament_install'
[1.283s] Level 1:colcon.colcon_core.package_identification:_identify(src) by extensions ['colcon_pkg']
[1.283s] Level 1:colcon.colcon_core.package_identification:_identify(src) by extension 'colcon_pkg'
[1.283s] Level 1:colcon.colcon_core.package_identification:_identify(src) by extensions ['colcon_meta']
[1.283s] Level 1:colcon.colcon_core.package_identification:_identify(src) by extension 'colcon_meta'
[1.283s] Level 1:colcon.colcon_core.package_identification:_identify(src) by extensions ['ros']
[1.283s] Level 1:colcon.colcon_core.package_identification:_identify(src) by extension 'ros'
[1.283s] Level 1:colcon.colcon_core.package_identification:_identify(src) by extensions ['cmake', 'python']
[1.283s] Level 1:colcon.colcon_core.package_identification:_identify(src) by extension 'cmake'
[1.283s] Level 1:colcon.colcon_core.package_identification:_identify(src) by extension 'python'
[1.283s] Level 1:colcon.colcon_core.package_identification:_identify(src) by extensions ['python_setup_py']
[1.283s] Level 1:colcon.colcon_core.package_identification:_identify(src) by extension 'python_setup_py'
[1.283s] Level 1:colcon.colcon_core.package_identification:_identify(src/turtlebot3_project3) by extensions ['ignore', 'ignore_ament_install']
[1.284s] Level 1:colcon.colcon_core.package_identification:_identify(src/turtlebot3_project3) by extension 'ignore'
[1.284s] Level 1:colcon.colcon_core.package_identification:_identify(src/turtlebot3_project3) by extension 'ignore_ament_install'
[1.284s] Level 1:colcon.colcon_core.package_identification:_identify(src/turtlebot3_project3) by extensions ['colcon_pkg']
[1.284s] Level 1:colcon.colcon_core.package_identification:_identify(src/turtlebot3_project3) by extension 'colcon_pkg'
[1.284s] Level 1:colcon.colcon_core.package_identification:_identify(src/turtlebot3_project3) by extensions ['colcon_meta']
[1.284s] Level 1:colcon.colcon_core.package_identification:_identify(src/turtlebot3_project3) by extension 'colcon_meta'
[1.284s] Level 1:colcon.colcon_core.package_identification:_identify(src/turtlebot3_project3) by extensions ['ros']
[1.284s] Level 1:colcon.colcon_core.package_identification:_identify(src/turtlebot3_project3) by extension 'ros'
[1.286s] DEBUG:colcon.colcon_core.package_identification:Package 'src/turtlebot3_project3' with type 'ros.ament_cmake' and name 'turtlebot3_project3'
[1.286s] Level 1:colcon.colcon_core.package_discovery:discover_packages(recursive) using defaults
[1.286s] Level 1:colcon.colcon_core.package_discovery:discover_packages(ignore) discover
[1.286s] Level 1:colcon.colcon_core.package_discovery:discover_packages(ignore) using defaults
[1.286s] Level 1:colcon.colcon_core.package_discovery:discover_packages(path) discover
[1.286s] Level 1:colcon.colcon_core.package_discovery:discover_packages(path) using defaults
[1.395s] Level 1:colcon.colcon_core.package_discovery:discover_packages(prefix_path) check parameters
[1.396s] Level 1:colcon.colcon_core.package_discovery:discover_packages(prefix_path) discover
[1.416s] WARNING:colcon.colcon_core.prefix_path.colcon:The path '/home/jomaxdrill/projects/python/ENPM661/Project3_phase2/A_star_diff_drive/install' in the environment variable COLCON_PREFIX_PATH doesn't exist
[1.416s] WARNING:colcon.colcon_ros.prefix_path.ament:The path '/home/jomaxdrill/projects/python/ENPM661/Project3_phase2/A_star_diff_drive/Part02/install/turtlebot3_project3' in the environment variable AMENT_PREFIX_PATH doesn't exist
[1.416s] WARNING:colcon.colcon_ros.prefix_path.ament:The path '/home/jomaxdrill/projects/python/ENPM661/Project3_phase2/A_star_diff_drive/install/turtlebot3_project3' in the environment variable AMENT_PREFIX_PATH doesn't exist
[1.416s] WARNING:colcon.colcon_ros.prefix_path.catkin:The path '/home/jomaxdrill/projects/python/ENPM661/Project3_phase2/A_star_diff_drive/Part02/install/turtlebot3_project3' in the environment variable CMAKE_PREFIX_PATH doesn't exist
[1.416s] WARNING:colcon.colcon_ros.prefix_path.catkin:The path '/home/jomaxdrill/projects/python/ENPM661/Project3_phase2/A_star_diff_drive/install/turtlebot3_project3' in the environment variable CMAKE_PREFIX_PATH doesn't exist
[1.437s] DEBUG:colcon.colcon_installed_package_information.package_discovery:Found 0 installed packages in /home/jomaxdrill/projects/python/ENPM661/Project3_phase2/A_star_diff_drive/Part02/install
[1.457s] DEBUG:colcon.colcon_installed_package_information.package_discovery:Found 275 installed packages in /opt/ros/galactic
[1.458s] Level 1:colcon.colcon_core.package_discovery:discover_packages(prefix_path) using defaults
[1.549s] Level 5:colcon.colcon_core.verb:set package 'turtlebot3_project3' build argument 'cmake_args' from command line to 'None'
[1.549s] Level 5:colcon.colcon_core.verb:set package 'turtlebot3_project3' build argument 'cmake_target' from command line to 'None'
[1.549s] Level 5:colcon.colcon_core.verb:set package 'turtlebot3_project3' build argument 'cmake_target_skip_unavailable' from command line to 'False'
[1.549s] Level 5:colcon.colcon_core.verb:set package 'turtlebot3_project3' build argument 'cmake_clean_cache' from command line to 'False'
[1.549s] Level 5:colcon.colcon_core.verb:set package 'turtlebot3_project3' build argument 'cmake_clean_first' from command line to 'False'
[1.549s] Level 5:colcon.colcon_core.verb:set package 'turtlebot3_project3' build argument 'cmake_force_configure' from command line to 'False'
[1.549s] Level 5:colcon.colcon_core.verb:set package 'turtlebot3_project3' build argument 'ament_cmake_args' from command line to 'None'
[1.549s] Level 5:colcon.colcon_core.verb:set package 'turtlebot3_project3' build argument 'catkin_cmake_args' from command line to 'None'
[1.549s] Level 5:colcon.colcon_core.verb:set package 'turtlebot3_project3' build argument 'catkin_skip_building_tests' from command line to 'False'
[1.549s] DEBUG:colcon.colcon_core.verb:Building package 'turtlebot3_project3' with the following arguments: {'ament_cmake_args': None, 'build_base': '/home/jomaxdrill/projects/python/ENPM661/Project3_phase2/A_star_diff_drive/Part02/build/turtlebot3_project3', 'catkin_cmake_args': None, 'catkin_skip_building_tests': False, 'cmake_args': None, 'cmake_clean_cache': False, 'cmake_clean_first': False, 'cmake_force_configure': False, 'cmake_target': None, 'cmake_target_skip_unavailable': False, 'install_base': '/home/jomaxdrill/projects/python/ENPM661/Project3_phase2/A_star_diff_drive/Part02/install/turtlebot3_project3', 'merge_install': False, 'path': '/home/jomaxdrill/projects/python/ENPM661/Project3_phase2/A_star_diff_drive/Part02/src/turtlebot3_project3', 'symlink_install': False, 'test_result_base': None}
[1.569s] INFO:colcon.colcon_core.executor:Executing jobs using 'parallel' executor
[1.590s] DEBUG:colcon.colcon_parallel_executor.executor.parallel:run_until_complete
[1.590s] INFO:colcon.colcon_ros.task.ament_cmake.build:Building ROS package in '/home/jomaxdrill/projects/python/ENPM661/Project3_phase2/A_star_diff_drive/Part02/src/turtlebot3_project3' with build type 'ament_cmake'
[1.590s] INFO:colcon.colcon_cmake.task.cmake.build:Building CMake package in '/home/jomaxdrill/projects/python/ENPM661/Project3_phase2/A_star_diff_drive/Part02/src/turtlebot3_project3'
[1.610s] INFO:colcon.colcon_core.plugin_system:Skipping extension 'colcon_core.shell.bat': Not used on non-Windows systems
[1.611s] INFO:colcon.colcon_core.shell:Skip shell extension 'powershell' for command environment: Not usable outside of PowerShell
[1.611s] DEBUG:colcon.colcon_core.shell:Skip shell extension 'dsv' for command environment
[1.677s] DEBUG:colcon.colcon_core.event_handler.log_command:Invoking command in '/home/jomaxdrill/projects/python/ENPM661/Project3_phase2/A_star_diff_drive/Part02/build/turtlebot3_project3': CMAKE_PREFIX_PATH=${CMAKE_PREFIX_PATH}:/opt/ros/galactic /usr/bin/cmake /home/jomaxdrill/projects/python/ENPM661/Project3_phase2/A_star_diff_drive/Part02/src/turtlebot3_project3 -DCMAKE_INSTALL_PREFIX=/home/jomaxdrill/projects/python/ENPM661/Project3_phase2/A_star_diff_drive/Part02/install/turtlebot3_project3
[11.754s] DEBUG:colcon.colcon_core.event_handler.log_command:Invoked command in '/home/jomaxdrill/projects/python/ENPM661/Project3_phase2/A_star_diff_drive/Part02/build/turtlebot3_project3' returned '0': CMAKE_PREFIX_PATH=${CMAKE_PREFIX_PATH}:/opt/ros/galactic /usr/bin/cmake /home/jomaxdrill/projects/python/ENPM661/Project3_phase2/A_star_diff_drive/Part02/src/turtlebot3_project3 -DCMAKE_INSTALL_PREFIX=/home/jomaxdrill/projects/python/ENPM661/Project3_phase2/A_star_diff_drive/Part02/install/turtlebot3_project3
[11.756s] DEBUG:colcon.colcon_core.event_handler.log_command:Invoking command in '/home/jomaxdrill/projects/python/ENPM661/Project3_phase2/A_star_diff_drive/Part02/build/turtlebot3_project3': CMAKE_PREFIX_PATH=${CMAKE_PREFIX_PATH}:/opt/ros/galactic /usr/bin/cmake --build /home/jomaxdrill/projects/python/ENPM661/Project3_phase2/A_star_diff_drive/Part02/build/turtlebot3_project3 -- -j16 -l16
[18.395s] DEBUG:colcon.colcon_core.event_handler.log_command:Invoked command in '/home/jomaxdrill/projects/python/ENPM661/Project3_phase2/A_star_diff_drive/Part02/build/turtlebot3_project3' returned '0': CMAKE_PREFIX_PATH=${CMAKE_PREFIX_PATH}:/opt/ros/galactic /usr/bin/cmake --build /home/jomaxdrill/projects/python/ENPM661/Project3_phase2/A_star_diff_drive/Part02/build/turtlebot3_project3 -- -j16 -l16
[18.420s] DEBUG:colcon.colcon_core.event_handler.log_command:Invoking command in '/home/jomaxdrill/projects/python/ENPM661/Project3_phase2/A_star_diff_drive/Part02/build/turtlebot3_project3': CMAKE_PREFIX_PATH=${CMAKE_PREFIX_PATH}:/opt/ros/galactic /usr/bin/cmake --install /home/jomaxdrill/projects/python/ENPM661/Project3_phase2/A_star_diff_drive/Part02/build/turtlebot3_project3
[18.437s] Level 1:colcon.colcon_core.environment:create_environment_scripts_only(turtlebot3_project3)
[18.438s] DEBUG:colcon.colcon_core.event_handler.log_command:Invoked command in '/home/jomaxdrill/projects/python/ENPM661/Project3_phase2/A_star_diff_drive/Part02/build/turtlebot3_project3' returned '0': CMAKE_PREFIX_PATH=${CMAKE_PREFIX_PATH}:/opt/ros/galactic /usr/bin/cmake --install /home/jomaxdrill/projects/python/ENPM661/Project3_phase2/A_star_diff_drive/Part02/build/turtlebot3_project3
[18.461s] Level 1:colcon.colcon_core.environment:checking '/home/jomaxdrill/projects/python/ENPM661/Project3_phase2/A_star_diff_drive/Part02/install/turtlebot3_project3' for CMake module files
[18.462s] Level 1:colcon.colcon_core.environment:checking '/home/jomaxdrill/projects/python/ENPM661/Project3_phase2/A_star_diff_drive/Part02/install/turtlebot3_project3' for CMake config files
[18.462s] Level 1:colcon.colcon_core.shell:create_environment_hook('turtlebot3_project3', 'cmake_prefix_path')
[18.483s] INFO:colcon.colcon_core.shell:Creating environment hook '/home/jomaxdrill/projects/python/ENPM661/Project3_phase2/A_star_diff_drive/Part02/install/turtlebot3_project3/share/turtlebot3_project3/hook/cmake_prefix_path.ps1'
[18.484s] INFO:colcon.colcon_core.shell:Creating environment descriptor '/home/jomaxdrill/projects/python/ENPM661/Project3_phase2/A_star_diff_drive/Part02/install/turtlebot3_project3/share/turtlebot3_project3/hook/cmake_prefix_path.dsv'
[18.484s] INFO:colcon.colcon_core.shell:Creating environment hook '/home/jomaxdrill/projects/python/ENPM661/Project3_phase2/A_star_diff_drive/Part02/install/turtlebot3_project3/share/turtlebot3_project3/hook/cmake_prefix_path.sh'
[18.485s] Level 1:colcon.colcon_core.environment:checking '/home/jomaxdrill/projects/python/ENPM661/Project3_phase2/A_star_diff_drive/Part02/install/turtlebot3_project3/lib'
[18.485s] Level 1:colcon.colcon_core.environment:checking '/home/jomaxdrill/projects/python/ENPM661/Project3_phase2/A_star_diff_drive/Part02/install/turtlebot3_project3/bin'
[18.485s] Level 1:colcon.colcon_core.environment:checking '/home/jomaxdrill/projects/python/ENPM661/Project3_phase2/A_star_diff_drive/Part02/install/turtlebot3_project3/lib/pkgconfig/turtlebot3_project3.pc'
[18.485s] Level 1:colcon.colcon_core.environment:checking '/home/jomaxdrill/projects/python/ENPM661/Project3_phase2/A_star_diff_drive/Part02/install/turtlebot3_project3/lib/python3.8/site-packages'
[18.485s] Level 1:colcon.colcon_core.environment:checking '/home/jomaxdrill/projects/python/ENPM661/Project3_phase2/A_star_diff_drive/Part02/install/turtlebot3_project3/bin'
[18.506s] INFO:colcon.colcon_core.shell:Creating package script '/home/jomaxdrill/projects/python/ENPM661/Project3_phase2/A_star_diff_drive/Part02/install/turtlebot3_project3/share/turtlebot3_project3/package.ps1'
[18.507s] INFO:colcon.colcon_core.shell:Creating package descriptor '/home/jomaxdrill/projects/python/ENPM661/Project3_phase2/A_star_diff_drive/Part02/install/turtlebot3_project3/share/turtlebot3_project3/package.dsv'
[18.507s] INFO:colcon.colcon_core.shell:Creating package script '/home/jomaxdrill/projects/python/ENPM661/Project3_phase2/A_star_diff_drive/Part02/install/turtlebot3_project3/share/turtlebot3_project3/package.sh'
[18.508s] INFO:colcon.colcon_core.shell:Creating package script '/home/jomaxdrill/projects/python/ENPM661/Project3_phase2/A_star_diff_drive/Part02/install/turtlebot3_project3/share/turtlebot3_project3/package.bash'
[18.508s] INFO:colcon.colcon_core.shell:Creating package script '/home/jomaxdrill/projects/python/ENPM661/Project3_phase2/A_star_diff_drive/Part02/install/turtlebot3_project3/share/turtlebot3_project3/package.zsh'
[18.509s] Level 1:colcon.colcon_core.environment:create_file_with_runtime_dependencies(/home/jomaxdrill/projects/python/ENPM661/Project3_phase2/A_star_diff_drive/Part02/install/turtlebot3_project3/share/colcon-core/packages/turtlebot3_project3)
[18.545s] Level 1:colcon.colcon_core.environment:create_environment_scripts_only(turtlebot3_project3)
[18.565s] Level 1:colcon.colcon_core.environment:checking '/home/jomaxdrill/projects/python/ENPM661/Project3_phase2/A_star_diff_drive/Part02/install/turtlebot3_project3' for CMake module files
[18.565s] Level 1:colcon.colcon_core.environment:checking '/home/jomaxdrill/projects/python/ENPM661/Project3_phase2/A_star_diff_drive/Part02/install/turtlebot3_project3' for CMake config files
[18.566s] Level 1:colcon.colcon_core.shell:create_environment_hook('turtlebot3_project3', 'cmake_prefix_path')
[18.587s] INFO:colcon.colcon_core.shell:Creating environment hook '/home/jomaxdrill/projects/python/ENPM661/Project3_phase2/A_star_diff_drive/Part02/install/turtlebot3_project3/share/turtlebot3_project3/hook/cmake_prefix_path.ps1'
[18.588s] INFO:colcon.colcon_core.shell:Creating environment descriptor '/home/jomaxdrill/projects/python/ENPM661/Project3_phase2/A_star_diff_drive/Part02/install/turtlebot3_project3/share/turtlebot3_project3/hook/cmake_prefix_path.dsv'
[18.588s] INFO:colcon.colcon_core.shell:Creating environment hook '/home/jomaxdrill/projects/python/ENPM661/Project3_phase2/A_star_diff_drive/Part02/install/turtlebot3_project3/share/turtlebot3_project3/hook/cmake_prefix_path.sh'
[18.589s] Level 1:colcon.colcon_core.environment:checking '/home/jomaxdrill/projects/python/ENPM661/Project3_phase2/A_star_diff_drive/Part02/install/turtlebot3_project3/lib'
[18.589s] Level 1:colcon.colcon_core.environment:checking '/home/jomaxdrill/projects/python/ENPM661/Project3_phase2/A_star_diff_drive/Part02/install/turtlebot3_project3/bin'
[18.589s] Level 1:colcon.colcon_core.environment:checking '/home/jomaxdrill/projects/python/ENPM661/Project3_phase2/A_star_diff_drive/Part02/install/turtlebot3_project3/lib/pkgconfig/turtlebot3_project3.pc'
[18.589s] Level 1:colcon.colcon_core.environment:checking '/home/jomaxdrill/projects/python/ENPM661/Project3_phase2/A_star_diff_drive/Part02/install/turtlebot3_project3/lib/python3.8/site-packages'
[18.589s] Level 1:colcon.colcon_core.environment:checking '/home/jomaxdrill/projects/python/ENPM661/Project3_phase2/A_star_diff_drive/Part02/install/turtlebot3_project3/bin'
[18.609s] INFO:colcon.colcon_core.shell:Creating package script '/home/jomaxdrill/projects/python/ENPM661/Project3_phase2/A_star_diff_drive/Part02/install/turtlebot3_project3/share/turtlebot3_project3/package.ps1'
[18.609s] INFO:colcon.colcon_core.shell:Creating package descriptor '/home/jomaxdrill/projects/python/ENPM661/Project3_phase2/A_star_diff_drive/Part02/install/turtlebot3_project3/share/turtlebot3_project3/package.dsv'
[18.610s] INFO:colcon.colcon_core.shell:Creating package script '/home/jomaxdrill/projects/python/ENPM661/Project3_phase2/A_star_diff_drive/Part02/install/turtlebot3_project3/share/turtlebot3_project3/package.sh'
[18.610s] INFO:colcon.colcon_core.shell:Creating package script '/home/jomaxdrill/projects/python/ENPM661/Project3_phase2/A_star_diff_drive/Part02/install/turtlebot3_project3/share/turtlebot3_project3/package.bash'
[18.610s] INFO:colcon.colcon_core.shell:Creating package script '/home/jomaxdrill/projects/python/ENPM661/Project3_phase2/A_star_diff_drive/Part02/install/turtlebot3_project3/share/turtlebot3_project3/package.zsh'
[18.610s] Level 1:colcon.colcon_core.environment:create_file_with_runtime_dependencies(/home/jomaxdrill/projects/python/ENPM661/Project3_phase2/A_star_diff_drive/Part02/install/turtlebot3_project3/share/colcon-core/packages/turtlebot3_project3)
[18.610s] DEBUG:colcon.colcon_parallel_executor.executor.parallel:closing loop
[18.611s] DEBUG:colcon.colcon_parallel_executor.executor.parallel:loop closed
[18.611s] DEBUG:colcon.colcon_parallel_executor.executor.parallel:run_until_complete finished with '0'
[18.611s] DEBUG:colcon.colcon_core.event_reactor:joining thread
[18.650s] INFO:colcon.colcon_core.plugin_system:Skipping extension 'colcon_notification.desktop_notification.notify_send': Could not find 'notify-send'
[18.651s] INFO:colcon.colcon_core.plugin_system:Skipping extension 'colcon_notification.desktop_notification.terminal_notifier': Not used on non-Darwin systems
[18.651s] INFO:colcon.colcon_core.plugin_system:Skipping extension 'colcon_notification.desktop_notification.win32': Not used on non-Windows systems
[18.651s] INFO:colcon.colcon_notification.desktop_notification:Sending desktop notification using 'notify2'
[18.651s] DEBUG:colcon.colcon_notification.desktop_notification.notify2:Failed to initialize notify2: org.freedesktop.DBus.Error.ServiceUnknown: The name org.freedesktop.Notifications was not provided by any .service files
[18.652s] DEBUG:colcon.colcon_core.event_reactor:joined thread
[18.673s] INFO:colcon.colcon_core.shell:Creating prefix script '/home/jomaxdrill/projects/python/ENPM661/Project3_phase2/A_star_diff_drive/Part02/install/local_setup.ps1'
[18.673s] INFO:colcon.colcon_core.shell:Creating prefix util module '/home/jomaxdrill/projects/python/ENPM661/Project3_phase2/A_star_diff_drive/Part02/install/_local_setup_util_ps1.py'
[18.674s] INFO:colcon.colcon_core.shell:Creating prefix chain script '/home/jomaxdrill/projects/python/ENPM661/Project3_phase2/A_star_diff_drive/Part02/install/setup.ps1'
[18.693s] INFO:colcon.colcon_core.shell:Creating prefix script '/home/jomaxdrill/projects/python/ENPM661/Project3_phase2/A_star_diff_drive/Part02/install/local_setup.sh'
[18.693s] INFO:colcon.colcon_core.shell:Creating prefix util module '/home/jomaxdrill/projects/python/ENPM661/Project3_phase2/A_star_diff_drive/Part02/install/_local_setup_util_sh.py'
[18.694s] INFO:colcon.colcon_core.shell:Creating prefix chain script '/home/jomaxdrill/projects/python/ENPM661/Project3_phase2/A_star_diff_drive/Part02/install/setup.sh'
[18.714s] INFO:colcon.colcon_core.shell:Creating prefix script '/home/jomaxdrill/projects/python/ENPM661/Project3_phase2/A_star_diff_drive/Part02/install/local_setup.bash'
[18.714s] INFO:colcon.colcon_core.shell:Creating prefix chain script '/home/jomaxdrill/projects/python/ENPM661/Project3_phase2/A_star_diff_drive/Part02/install/setup.bash'
[18.735s] INFO:colcon.colcon_core.shell:Creating prefix script '/home/jomaxdrill/projects/python/ENPM661/Project3_phase2/A_star_diff_drive/Part02/install/local_setup.zsh'
[18.735s] INFO:colcon.colcon_core.shell:Creating prefix chain script '/home/jomaxdrill/projects/python/ENPM661/Project3_phase2/A_star_diff_drive/Part02/install/setup.zsh'
