[0.092s] Invoking command in '/home/jomaxdrill/projects/python/ENPM661/Project3_phase2/A_star_diff_drive/Part02/build/turtlebot3_project3': CMAKE_PREFIX_PATH=${CMAKE_PREFIX_PATH}:/opt/ros/galactic /usr/bin/cmake --build /home/jomaxdrill/projects/python/ENPM661/Project3_phase2/A_star_diff_drive/Part02/build/turtlebot3_project3 -- -j16 -l16
[0.126s] [100%] Built target turtlebot3_drive
[0.135s] Invoked command in '/home/jomaxdrill/projects/python/ENPM661/Project3_phase2/A_star_diff_drive/Part02/build/turtlebot3_project3' returned '0': CMAKE_PREFIX_PATH=${CMAKE_PREFIX_PATH}:/opt/ros/galactic /usr/bin/cmake --build /home/jomaxdrill/projects/python/ENPM661/Project3_phase2/A_star_diff_drive/Part02/build/turtlebot3_project3 -- -j16 -l16
[0.157s] Invoking command in '/home/jomaxdrill/projects/python/ENPM661/Project3_phase2/A_star_diff_drive/Part02/build/turtlebot3_project3': CMAKE_PREFIX_PATH=${CMAKE_PREFIX_PATH}:/opt/ros/galactic /usr/bin/cmake --install /home/jomaxdrill/projects/python/ENPM661/Project3_phase2/A_star_diff_drive/Part02/build/turtlebot3_project3
[0.161s] -- Install configuration: ""
[0.161s] -- Up-to-date: /home/jomaxdrill/projects/python/ENPM661/Project3_phase2/A_star_diff_drive/Part02/install/turtlebot3_project3/lib/turtlebot3_project3/turtlebot3_drive
[0.161s] -- Up-to-date: /home/jomaxdrill/projects/python/ENPM661/Project3_phase2/A_star_diff_drive/Part02/install/turtlebot3_project3/share/turtlebot3_project3//launch
[0.161s] -- Up-to-date: /home/jomaxdrill/projects/python/ENPM661/Project3_phase2/A_star_diff_drive/Part02/install/turtlebot3_project3/share/turtlebot3_project3//launch/spawn_turtlebot3.launch.py
[0.161s] -- Up-to-date: /home/jomaxdrill/projects/python/ENPM661/Project3_phase2/A_star_diff_drive/Part02/install/turtlebot3_project3/share/turtlebot3_project3//launch/robot_state_publisher.launch.py
[0.161s] -- Up-to-date: /home/jomaxdrill/projects/python/ENPM661/Project3_phase2/A_star_diff_drive/Part02/install/turtlebot3_project3/share/turtlebot3_project3//launch/competition_world.launch.py
[0.161s] -- Up-to-date: /home/jomaxdrill/projects/python/ENPM661/Project3_phase2/A_star_diff_drive/Part02/install/turtlebot3_project3/share/turtlebot3_project3//launch/empty_world.launch.py
[0.161s] -- Up-to-date: /home/jomaxdrill/projects/python/ENPM661/Project3_phase2/A_star_diff_drive/Part02/install/turtlebot3_project3/share/turtlebot3_project3//models
[0.161s] -- Up-to-date: /home/jomaxdrill/projects/python/ENPM661/Project3_phase2/A_star_diff_drive/Part02/install/turtlebot3_project3/share/turtlebot3_project3//models/turtlebot3_waffle
[0.162s] -- Up-to-date: /home/jomaxdrill/projects/python/ENPM661/Project3_phase2/A_star_diff_drive/Part02/install/turtlebot3_project3/share/turtlebot3_project3//models/turtlebot3_waffle/model.config
[0.162s] -- Up-to-date: /home/jomaxdrill/projects/python/ENPM661/Project3_phase2/A_star_diff_drive/Part02/install/turtlebot3_project3/share/turtlebot3_project3//models/turtlebot3_waffle/model.sdf
[0.162s] -- Up-to-date: /home/jomaxdrill/projects/python/ENPM661/Project3_phase2/A_star_diff_drive/Part02/install/turtlebot3_project3/share/turtlebot3_project3//models/turtlebot3_waffle/model-1_4.sdf
[0.162s] -- Up-to-date: /home/jomaxdrill/projects/python/ENPM661/Project3_phase2/A_star_diff_drive/Part02/install/turtlebot3_project3/share/turtlebot3_project3//models/turtlebot3_world
[0.162s] -- Up-to-date: /home/jomaxdrill/projects/python/ENPM661/Project3_phase2/A_star_diff_drive/Part02/install/turtlebot3_project3/share/turtlebot3_project3//models/turtlebot3_world/model.config
[0.162s] -- Up-to-date: /home/jomaxdrill/projects/python/ENPM661/Project3_phase2/A_star_diff_drive/Part02/install/turtlebot3_project3/share/turtlebot3_project3//models/turtlebot3_world/model.sdf
[0.162s] -- Up-to-date: /home/jomaxdrill/projects/python/ENPM661/Project3_phase2/A_star_diff_drive/Part02/install/turtlebot3_project3/share/turtlebot3_project3//models/turtlebot3_world/model-1_4.sdf
[0.162s] -- Up-to-date: /home/jomaxdrill/projects/python/ENPM661/Project3_phase2/A_star_diff_drive/Part02/install/turtlebot3_project3/share/turtlebot3_project3//models/turtlebot3_world/meshes
[0.162s] -- Up-to-date: /home/jomaxdrill/projects/python/ENPM661/Project3_phase2/A_star_diff_drive/Part02/install/turtlebot3_project3/share/turtlebot3_project3//models/turtlebot3_world/meshes/hexagon.dae
[0.162s] -- Up-to-date: /home/jomaxdrill/projects/python/ENPM661/Project3_phase2/A_star_diff_drive/Part02/install/turtlebot3_project3/share/turtlebot3_project3//models/turtlebot3_world/meshes/wall.dae
[0.162s] -- Up-to-date: /home/jomaxdrill/projects/python/ENPM661/Project3_phase2/A_star_diff_drive/Part02/install/turtlebot3_project3/share/turtlebot3_project3//models/turtlebot3_common
[0.162s] -- Up-to-date: /home/jomaxdrill/projects/python/ENPM661/Project3_phase2/A_star_diff_drive/Part02/install/turtlebot3_project3/share/turtlebot3_project3//models/turtlebot3_common/model.config
[0.162s] -- Up-to-date: /home/jomaxdrill/projects/python/ENPM661/Project3_phase2/A_star_diff_drive/Part02/install/turtlebot3_project3/share/turtlebot3_project3//models/turtlebot3_common/meshes
[0.162s] -- Up-to-date: /home/jomaxdrill/projects/python/ENPM661/Project3_phase2/A_star_diff_drive/Part02/install/turtlebot3_project3/share/turtlebot3_project3//models/turtlebot3_common/meshes/waffle_pi_base.dae
[0.162s] -- Up-to-date: /home/jomaxdrill/projects/python/ENPM661/Project3_phase2/A_star_diff_drive/Part02/install/turtlebot3_project3/share/turtlebot3_project3//models/turtlebot3_common/meshes/r200.dae
[0.162s] -- Up-to-date: /home/jomaxdrill/projects/python/ENPM661/Project3_phase2/A_star_diff_drive/Part02/install/turtlebot3_project3/share/turtlebot3_project3//models/turtlebot3_common/meshes/burger_base.dae
[0.162s] -- Up-to-date: /home/jomaxdrill/projects/python/ENPM661/Project3_phase2/A_star_diff_drive/Part02/install/turtlebot3_project3/share/turtlebot3_project3//models/turtlebot3_common/meshes/waffle_base.dae
[0.162s] -- Up-to-date: /home/jomaxdrill/projects/python/ENPM661/Project3_phase2/A_star_diff_drive/Part02/install/turtlebot3_project3/share/turtlebot3_project3//models/turtlebot3_common/meshes/tire.dae
[0.162s] -- Up-to-date: /home/jomaxdrill/projects/python/ENPM661/Project3_phase2/A_star_diff_drive/Part02/install/turtlebot3_project3/share/turtlebot3_project3//models/turtlebot3_common/meshes/lds.dae
[0.162s] -- Up-to-date: /home/jomaxdrill/projects/python/ENPM661/Project3_phase2/A_star_diff_drive/Part02/install/turtlebot3_project3/share/turtlebot3_project3//rviz
[0.162s] -- Up-to-date: /home/jomaxdrill/projects/python/ENPM661/Project3_phase2/A_star_diff_drive/Part02/install/turtlebot3_project3/share/turtlebot3_project3//rviz/tb3_gazebo.rviz
[0.162s] -- Up-to-date: /home/jomaxdrill/projects/python/ENPM661/Project3_phase2/A_star_diff_drive/Part02/install/turtlebot3_project3/share/turtlebot3_project3//urdf
[0.162s] -- Up-to-date: /home/jomaxdrill/projects/python/ENPM661/Project3_phase2/A_star_diff_drive/Part02/install/turtlebot3_project3/share/turtlebot3_project3//urdf/turtlebot3_waffle.urdf
[0.162s] -- Up-to-date: /home/jomaxdrill/projects/python/ENPM661/Project3_phase2/A_star_diff_drive/Part02/install/turtlebot3_project3/share/turtlebot3_project3//urdf/common_properties.urdf
[0.162s] -- Up-to-date: /home/jomaxdrill/projects/python/ENPM661/Project3_phase2/A_star_diff_drive/Part02/install/turtlebot3_project3/share/turtlebot3_project3//worlds
[0.163s] -- Up-to-date: /home/jomaxdrill/projects/python/ENPM661/Project3_phase2/A_star_diff_drive/Part02/install/turtlebot3_project3/share/turtlebot3_project3//worlds/empty_world.world
[0.163s] -- Up-to-date: /home/jomaxdrill/projects/python/ENPM661/Project3_phase2/A_star_diff_drive/Part02/install/turtlebot3_project3/share/turtlebot3_project3//worlds/competition_world.world
[0.163s] -- Up-to-date: /home/jomaxdrill/projects/python/ENPM661/Project3_phase2/A_star_diff_drive/Part02/install/turtlebot3_project3/include/
[0.163s] -- Up-to-date: /home/jomaxdrill/projects/python/ENPM661/Project3_phase2/A_star_diff_drive/Part02/install/turtlebot3_project3/include//turtlebot3_project3
[0.163s] -- Up-to-date: /home/jomaxdrill/projects/python/ENPM661/Project3_phase2/A_star_diff_drive/Part02/install/turtlebot3_project3/include//turtlebot3_project3/turtlebot3_drive.hpp
[0.163s] -- Up-to-date: /home/jomaxdrill/projects/python/ENPM661/Project3_phase2/A_star_diff_drive/Part02/install/turtlebot3_project3/lib/turtlebot3_project3/teleop.py
[0.163s] -- Up-to-date: /home/jomaxdrill/projects/python/ENPM661/Project3_phase2/A_star_diff_drive/Part02/install/turtlebot3_project3/share/ament_index/resource_index/package_run_dependencies/turtlebot3_project3
[0.163s] -- Up-to-date: /home/jomaxdrill/projects/python/ENPM661/Project3_phase2/A_star_diff_drive/Part02/install/turtlebot3_project3/share/ament_index/resource_index/parent_prefix_path/turtlebot3_project3
[0.163s] -- Up-to-date: /home/jomaxdrill/projects/python/ENPM661/Project3_phase2/A_star_diff_drive/Part02/install/turtlebot3_project3/share/turtlebot3_project3/environment/ament_prefix_path.sh
[0.163s] -- Up-to-date: /home/jomaxdrill/projects/python/ENPM661/Project3_phase2/A_star_diff_drive/Part02/install/turtlebot3_project3/share/turtlebot3_project3/environment/ament_prefix_path.dsv
[0.163s] -- Up-to-date: /home/jomaxdrill/projects/python/ENPM661/Project3_phase2/A_star_diff_drive/Part02/install/turtlebot3_project3/share/turtlebot3_project3/environment/path.sh
[0.163s] -- Up-to-date: /home/jomaxdrill/projects/python/ENPM661/Project3_phase2/A_star_diff_drive/Part02/install/turtlebot3_project3/share/turtlebot3_project3/environment/path.dsv
[0.163s] -- Up-to-date: /home/jomaxdrill/projects/python/ENPM661/Project3_phase2/A_star_diff_drive/Part02/install/turtlebot3_project3/share/turtlebot3_project3/local_setup.bash
[0.163s] -- Up-to-date: /home/jomaxdrill/projects/python/ENPM661/Project3_phase2/A_star_diff_drive/Part02/install/turtlebot3_project3/share/turtlebot3_project3/local_setup.sh
[0.163s] -- Up-to-date: /home/jomaxdrill/projects/python/ENPM661/Project3_phase2/A_star_diff_drive/Part02/install/turtlebot3_project3/share/turtlebot3_project3/local_setup.zsh
[0.163s] -- Up-to-date: /home/jomaxdrill/projects/python/ENPM661/Project3_phase2/A_star_diff_drive/Part02/install/turtlebot3_project3/share/turtlebot3_project3/local_setup.dsv
[0.163s] -- Installing: /home/jomaxdrill/projects/python/ENPM661/Project3_phase2/A_star_diff_drive/Part02/install/turtlebot3_project3/share/turtlebot3_project3/package.dsv
[0.163s] -- Up-to-date: /home/jomaxdrill/projects/python/ENPM661/Project3_phase2/A_star_diff_drive/Part02/install/turtlebot3_project3/share/ament_index/resource_index/packages/turtlebot3_project3
[0.163s] -- Up-to-date: /home/jomaxdrill/projects/python/ENPM661/Project3_phase2/A_star_diff_drive/Part02/install/turtlebot3_project3/share/turtlebot3_project3/cmake/ament_cmake_export_include_directories-extras.cmake
[0.164s] -- Up-to-date: /home/jomaxdrill/projects/python/ENPM661/Project3_phase2/A_star_diff_drive/Part02/install/turtlebot3_project3/share/turtlebot3_project3/cmake/ament_cmake_export_dependencies-extras.cmake
[0.164s] -- Up-to-date: /home/jomaxdrill/projects/python/ENPM661/Project3_phase2/A_star_diff_drive/Part02/install/turtlebot3_project3/share/turtlebot3_project3/cmake/turtlebot3_project3Config.cmake
[0.164s] -- Up-to-date: /home/jomaxdrill/projects/python/ENPM661/Project3_phase2/A_star_diff_drive/Part02/install/turtlebot3_project3/share/turtlebot3_project3/cmake/turtlebot3_project3Config-version.cmake
[0.164s] -- Up-to-date: /home/jomaxdrill/projects/python/ENPM661/Project3_phase2/A_star_diff_drive/Part02/install/turtlebot3_project3/share/turtlebot3_project3/package.xml
[0.168s] Invoked command in '/home/jomaxdrill/projects/python/ENPM661/Project3_phase2/A_star_diff_drive/Part02/build/turtlebot3_project3' returned '0': CMAKE_PREFIX_PATH=${CMAKE_PREFIX_PATH}:/opt/ros/galactic /usr/bin/cmake --install /home/jomaxdrill/projects/python/ENPM661/Project3_phase2/A_star_diff_drive/Part02/build/turtlebot3_project3
